1610683557388	geckodriver	INFO	Listening on 127.0.0.1:57241
1610683560438	mozrunner::runner	INFO	Running command: "C:\\Program Files (x86)\\Mozilla Firefox\\firefox.exe" "--marionette" "-foreground" "-no-remote" "-profile" "C:\\Users\\CTEA\\AppData\\Local\\Temp\\rust_mozprofilehAHBov"
console.warn: SearchSettings: "get: No settings file exists, new profile?" (new Error("", "(unknown module)"))
1610683566802	Marionette	INFO	Listening on port 57249
1610683567277	Marionette	WARN	TLS certificate errors will be ignored for this session
1610683567319	Marionette	ERROR	[17] No reply from Marionette:Register
console.warn: SearchSettings: "get: No settings file exists, new profile?" (new Error("", "(unknown module)"))
JavaScript error: https://magento.com/ line 1557 > injectedScript, line 4: TypeError: window.optimizely is undefined
JavaScript error: https://magento.com/sites/default/files8/js/optimized/js_6PLu4riE-2dcDQ5QPzuCrl_1JQZAazd43aQw_AQJYoY.NROEkYn4usvpqyPEG8aHOOdMITfAvO-0w6gjNNafhMw.js?qleaka, line 8: TypeError: id is undefined
1610683592227	Marionette	WARN	TimedPromise timed out after 500 ms: stacktrace:
TimedPromise/<@chrome://marionette/content/sync.js:235:19
TimedPromise@chrome://marionette/content/sync.js:220:10
interaction.flushEventLoop@chrome://marionette/content/interaction.js:418:10
webdriverClickElement@chrome://marionette/content/interaction.js:179:31
JavaScript error: https://account.magento.com/customer/account/login?_ga=2.232279517.334647600.1610683570-1287654939.1610683570, line 407: SyntaxError: redeclaration of const ssoEmailDomains
JavaScript error: https://account.magento.com/static/version20210114165902/frontend/McStore/base/en_US/jquery/jquery.validate.js, line 556: TypeError: $.validator.methods[method] is undefined
JavaScript error: https://account.magento.com/static/version20210114165902/frontend/McStore/base/en_US/jquery/jquery.validate.js, line 556: TypeError: $.validator.methods[method] is undefined
JavaScript error: https://account.magento.com/static/version20210114165902/frontend/McStore/base/en_US/jquery/jquery.validate.js, line 556: TypeError: $.validator.methods[method] is undefined
JavaScript error: https://account.magento.com/static/version20210114165902/frontend/McStore/base/en_US/jquery/jquery.validate.js, line 556: TypeError: $.validator.methods[method] is undefined
JavaScript error: https://account.magento.com/static/version20210114165902/frontend/McStore/base/en_US/jquery/jquery.validate.js, line 556: TypeError: $.validator.methods[method] is undefined
JavaScript error: https://account.magento.com/static/version20210114165902/frontend/McStore/base/en_US/requirejs/require.js, line 166: Error: Script error for: Magento_Customer/js/customer-data
http://requirejs.org/docs/errors.html#scripterror
JavaScript error: https://account.magento.com/static/version20210114165902/frontend/McStore/base/en_US/requirejs/require.js, line 166: Error: Script error for: Magento_Persistent/js/view/customer-data-mixin
http://requirejs.org/docs/errors.html#scripterror
JavaScript error: https://account.magento.com/static/version20210114165902/frontend/McStore/base/en_US/requirejs/require.js, line 166: Error: Script error for: FormData
http://requirejs.org/docs/errors.html#scripterror
JavaScript error: https://account.magento.com/customer/account/login/, line 407: SyntaxError: redeclaration of const ssoEmailDomains
1610683609033	Marionette	INFO	Stopped listening on port 57249
JavaScript error: resource://activity-stream/lib/ASRouter.jsm, line 987: NS_ERROR_ILLEGAL_VALUE: Component returned failure code: 0x80070057 (NS_ERROR_ILLEGAL_VALUE) [nsIObserverService.removeObserver]
JavaScript error: https://account.magento.com/static/version20210114165902/frontend/McStore/base/en_US/requirejs/require.js, line 166: Error: Script error for: Magento_Persistent/js/view/customer-data-mixin
http://requirejs.org/docs/errors.html#scripterror
JavaScript error: https://account.magento.com/static/version20210114165902/frontend/McStore/base/en_US/requirejs/require.js, line 166: Error: Script error for: Magento_Customer/js/customer-data
http://requirejs.org/docs/errors.html#scripterror
JavaScript error: https://account.magento.com/static/version20210114165902/frontend/McStore/base/en_US/requirejs/require.js, line 166: Error: Script error for: Magento_Ui/js/core/renderer/types
http://requirejs.org/docs/errors.html#scripterror
JavaScript error: https://account.magento.com/static/version20210114165902/frontend/McStore/base/en_US/requirejs/require.js, line 166: Error: Script error for: Magento_Ui/js/core/renderer/layout
http://requirejs.org/docs/errors.html#scripterror
JavaScript error: https://account.magento.com/static/version20210114165902/frontend/McStore/base/en_US/requirejs/require.js, line 166: Error: Script error for: Magento_Company/js/validation
http://requirejs.org/docs/errors.html#scripterror
JavaScript error: https://account.magento.com/static/version20210114165902/frontend/McStore/base/en_US/requirejs/require.js, line 166: Error: Script error for: Magento_CompanyCredit/js/validation
http://requirejs.org/docs/errors.html#scripterror

###!!! [Child][RunMessage] Error: Channel closing: too late to send/recv, messages will be lost

