1610512225744	geckodriver	INFO	Listening on 127.0.0.1:50520
1610512228765	mozrunner::runner	INFO	Running command: "C:\\Program Files (x86)\\Mozilla Firefox\\firefox.exe" "--marionette" "-foreground" "-no-remote" "-profile" "C:\\Users\\CTEA\\AppData\\Local\\Temp\\rust_mozprofileWSjgob"
console.warn: SearchSettings: "get: No settings file exists, new profile?" (new Error("", "(unknown module)"))

###!!! [Child][MessageChannel] Error: (msgtype=0x3A0147,name=PContent::Msg_AsyncMessage) Channel closing: too late to send/recv, messages will be lost

1610512233779	Marionette	INFO	Listening on port 50528
console.warn: SearchSettings: "get: No settings file exists, new profile?" (new Error("", "(unknown module)"))
1610512234021	Marionette	WARN	TLS certificate errors will be ignored for this session
1610512234052	Marionette	ERROR	[17] No reply from Marionette:Register
JavaScript error: https://magento.com/ line 1551 > injectedScript, line 4: TypeError: window.optimizely is undefined
JavaScript error: https://account.magento.com/customer/account/login?_ga=2.210878556.876035675.1610512236-57819687.1610512236, line 407: SyntaxError: redeclaration of const ssoEmailDomains
console.error: "Error while calling actor 'layout's method 'getGrids'" "node is null"
console.error: "getGrids@resource://devtools/server/actors/layout.js:502:26\ngetGrids@resource://devtools/server/actors/layout.js:507:43\nhandler@resource://devtools/shared/protocol/Actor.js:172:37\nonPacket@resource://devtools/server/devtools-server-connection.js:379:58\nreceiveMessage@resource://devtools/shared/transport/child-transport.js:68:16\n"
console.error: "Error while calling actor 'layout's method 'getGrids'" "node is null"
console.error: "getGrids@resource://devtools/server/actors/layout.js:502:26\ngetGrids@resource://devtools/server/actors/layout.js:507:43\nhandler@resource://devtools/shared/protocol/Actor.js:172:37\nonPacket@resource://devtools/server/devtools-server-connection.js:379:58\nreceiveMessage@resource://devtools/shared/transport/child-transport.js:68:16\n"
console.error: "Error while calling actor 'layout's method 'getGrids'" "node is null"
console.error: "getGrids@resource://devtools/server/actors/layout.js:502:26\ngetGrids@resource://devtools/server/actors/layout.js:507:43\nhandler@resource://devtools/shared/protocol/Actor.js:172:37\nonPacket@resource://devtools/server/devtools-server-connection.js:379:58\nreceiveMessage@resource://devtools/shared/transport/child-transport.js:68:16\n"
console.error: "Error while calling actor 'layout's method 'getGrids'" "node is null"
console.error: "getGrids@resource://devtools/server/actors/layout.js:502:26\ngetGrids@resource://devtools/server/actors/layout.js:507:43\nhandler@resource://devtools/shared/protocol/Actor.js:172:37\nonPacket@resource://devtools/server/devtools-server-connection.js:379:58\nreceiveMessage@resource://devtools/shared/transport/child-transport.js:68:16\n"
JavaScript error: https://magento.com/ line 1551 > injectedScript, line 4: TypeError: window.optimizely is undefined
[Child 10144, MediaDecoderStateMachine #1] WARNING: 168a4c00 OpenCubeb() failed to init cubeb: file /builds/worker/checkouts/gecko/dom/media/AudioStream.cpp:334
[Child 10144, MediaDecoderStateMachine #1] WARNING: Decoder=219499b0 [OnMediaSinkAudioError]: file /builds/worker/checkouts/gecko/dom/media/MediaDecoderStateMachine.cpp:3886
JavaScript error: https://magento.com/sites/default/files8/js/optimized/js_6PLu4riE-2dcDQ5QPzuCrl_1JQZAazd43aQw_AQJYoY.NROEkYn4usvpqyPEG8aHOOdMITfAvO-0w6gjNNafhMw.js?qleaka, line 8: TypeError: id is undefined
[Child 10144, MediaDecoderStateMachine #1] WARNING: 24dac180 OpenCubeb() failed to init cubeb: file /builds/worker/checkouts/gecko/dom/media/AudioStream.cpp:334
[Child 10144, MediaDecoderStateMachine #1] WARNING: Decoder=219499b0 [OnMediaSinkAudioError]: file /builds/worker/checkouts/gecko/dom/media/MediaDecoderStateMachine.cpp:3886
[Child 10144, MediaDecoderStateMachine #1] WARNING: 16837d80 OpenCubeb() failed to init cubeb: file /builds/worker/checkouts/gecko/dom/media/AudioStream.cpp:334
[Child 10144, MediaDecoderStateMachine #1] WARNING: Decoder=219499b0 [OnMediaSinkAudioError]: file /builds/worker/checkouts/gecko/dom/media/MediaDecoderStateMachine.cpp:3886
[Child 10144, MediaDecoderStateMachine #1] WARNING: 16eac680 OpenCubeb() failed to init cubeb: file /builds/worker/checkouts/gecko/dom/media/AudioStream.cpp:334
[Child 10144, MediaDecoderStateMachine #1] WARNING: Decoder=219499b0 [OnMediaSinkAudioError]: file /builds/worker/checkouts/gecko/dom/media/MediaDecoderStateMachine.cpp:3886
[Child 10144, MediaDecoderStateMachine #1] WARNING: 16eabd80 OpenCubeb() failed to init cubeb: file /builds/worker/checkouts/gecko/dom/media/AudioStream.cpp:334
[Child 10144, MediaDecoderStateMachine #1] WARNING: Decoder=219499b0 [OnMediaSinkAudioError]: file /builds/worker/checkouts/gecko/dom/media/MediaDecoderStateMachine.cpp:3886
JavaScript error: https://account.magento.com/customer/account/login?_ga=2.56746979.876035675.1610512236-57819687.1610512236, line 407: SyntaxError: redeclaration of const ssoEmailDomains
console.error: "Error while calling actor 'pagestyle's method 'getApplied'" "sheet.ownerNode is null"
console.error: "getSheetText@resource://devtools/server/actors/style-sheet.js:76:21\n_getText@resource://devtools/server/actors/style-sheet.js:418:12\ngetText@resource://devtools/server/actors/style-sheet.js:401:17\ngetAuthoredCssText@resource://devtools/server/actors/style-rule.js:598:28\ngetApplied@resource://devtools/server/actors/page-style.js:586:18\n"
console.error: (new Error("Protocol error (TypeError): sheet.ownerNode is null from: server0.conn0.child3/pagestyle26 (resource://devtools/server/actors/style-sheet.js:76:21)", "resource://devtools/shared/protocol/Front.js", 361))
console.error: (new Error("Protocol error (TypeError): sheet.ownerNode is null from: server0.conn0.child3/pagestyle26 (resource://devtools/server/actors/style-sheet.js:76:21)", "resource://devtools/shared/protocol/Front.js", 361))
console.error: (new Error("Protocol error (TypeError): sheet.ownerNode is null from: server0.conn0.child3/pagestyle26 (resource://devtools/server/actors/style-sheet.js:76:21)", "resource://devtools/shared/protocol/Front.js", 361))
console.error: "Error while calling actor 'pagestyle's method 'getApplied'" "node is null"
console.error: "getApplied@resource://devtools/server/actors/page-style.js:571:5\nhandler@resource://devtools/shared/protocol/Actor.js:172:37\nonPacket@resource://devtools/server/devtools-server-connection.js:379:58\nreceiveMessage@resource://devtools/shared/transport/child-transport.js:68:16\n"
console.error: "Error while calling actor 'pagestyle's method 'getApplied'" "node is null"
console.error: "getApplied@resource://devtools/server/actors/page-style.js:571:5\nhandler@resource://devtools/shared/protocol/Actor.js:172:37\nonPacket@resource://devtools/server/devtools-server-connection.js:379:58\nreceiveMessage@resource://devtools/shared/transport/child-transport.js:68:16\n"
JavaScript error: https://account.magento.com/static/version20210112162518/frontend/McStore/base/en_US/requirejs/require.js, line 166: Error: Script error for: Magento_Ui/js/lib/knockout/bindings/after-render
http://requirejs.org/docs/errors.html#scripterror
console.error: (new Error("Protocol error (TypeError): node is null from: server0.conn0.child3/pagestyle26 (resource://devtools/server/actors/page-style.js:571:5)", "resource://devtools/shared/protocol/Front.js", 361))
JavaScript error: https://aconsole.error: (new Error("Protocol error (TypeError): node is null from: server0.conn0.child3/pagestyle26 (resource://devtools/server/actors/page-style.js:571:5)", "resource://devtools/shared/protocol/Front.js", 361))
ccount.magento.com/static/version20210112162518/frontend/McStore/base/en_US/requirejs/require.js, line 166: Error: Script error for: Magento_Ui/js/lib/knockout/bindings/autoselect
http://requirejs.org/docs/errors.html#scripterror
JavaScript error: https://account.magento.com/static/version20210112162518/frontend/McStore/base/en_US/requirejs/require.js, line 166: Error: Script error for: jquery-ui-modules/slider
http://requirejs.org/docs/errors.html#scripterror
console.error: "Error while calling actor 'layout's method 'getGrids'" "node is null"
console.error: "getGrids@resource://devtools/server/actors/layout.js:502:26\ngetGrids@resource://devtools/server/actors/layout.js:507:43\nhandler@resource://devtools/shared/protocol/Actor.js:172:37\nonPacket@resource://devtools/server/devtools-server-connection.js:379:58\nreceiveMessage@resource://devtools/shared/transport/child-transport.js:68:16\n"
JavaScript error: https://magento.com/ line 1551 > injectedScript, line 4: TypeError: window.optimizely is undefined
console.error: "Error while calling actor 'layout's method 'getGrids'" "node is null"
console.error: "getGrids@resource://devtools/server/actors/layout.js:502:26\ngetGrids@resource://devtools/server/actors/layout.js:507:43\nhandler@resource://devtools/shared/protocol/Actor.js:172:37\nonPacket@resource://devtools/server/devtools-server-connection.js:379:58\nreceiveMessage@resource://devtools/shared/transport/child-transport.js:68:16\n"
JavaScript error: https://magento.com/sites/default/files8/js/optimized/js_6PLu4riE-2dcDQ5QPzuCrl_1JQZAazd43aQw_AQJYoY.NROEkYn4usvpqyPEG8aHOOdMITfAvO-0w6gjNNafhMw.js?qleaka, line 8: TypeError: id is undefined
[Child 10144, MediaDecoderStateMachine #1] WARNING: 41f58600 OpenCubeb() failed to init cubeb: file /builds/worker/checkouts/gecko/dom/media/AudioStream.cpp:334
[Child 10144, MediaDecoderStateMachine #1] WARNING: Decoder=1f2084a0 [OnMediaSinkAudioError]: file /builds/worker/checkouts/gecko/dom/media/MediaDecoderStateMachine.cpp:3886
[Child 10144, MediaDecoderStateMachine #1] WARNING: 16e80700 OpenCubeb() failed to init cubeb: file /builds/worker/checkouts/gecko/dom/media/AudioStream.cpp:334
[Child 10144, MediaDecoderStateMachine #1] WARNING: Decoder=1f2084a0 [OnMediaSinkAudioError]: file /builds/worker/checkouts/gecko/dom/media/MediaDecoderStateMachine.cpp:3886
[Child 10144, MediaDecoderStateMachine #1] WARNING: 16ebab80 OpenCubeb() failed to init cubeb: file /builds/worker/checkouts/gecko/dom/media/AudioStream.cpp:334
[Child 10144, MediaDecoderStateMachine #1] WARNING: Decoder=1f2084a0 [OnMediaSinkAudioError]: file /builds/worker/checkouts/gecko/dom/media/MediaDecoderStateMachine.cpp:3886
[Child 10144, MediaDecoderStateMachine #1] WARNING: 16ef4680 OpenCubeb() failed to init cubeb: file /builds/worker/checkouts/gecko/dom/media/AudioStream.cpp:334
[Child 10144, MediaDecoderStateMachine #1] WARNING: Decoder=1f2084a0 [OnMediaSinkAudioError]: file /builds/worker/checkouts/gecko/dom/media/MediaDecoderStateMachine.cpp:3886
[Child 10144, MediaDecoderStateMachine #1] WARNING: 16ef5f80 OpenCubeb() failed to init cubeb: file /builds/worker/checkouts/gecko/dom/media/AudioStream.cpp:334
[Child 10144, MediaDecoderStateMachine #1] WARNING: Decoder=1f2084a0 [OnMediaSinkAudioError]: file /builds/worker/checkouts/gecko/dom/media/MediaDecoderStateMachine.cpp:3886
[Child 10144, MediaDecoderStateMachine #1] WARNING: 18219f00 OpenCubeb() failed to init cubeb: file /builds/worker/checkouts/gecko/dom/media/AudioStream.cpp:334
[Child 10144, MediaDecoderStateMachine #1] WARNING: Decoder=1f2084a0 [OnMediaSinkAudioError]: file /builds/worker/checkouts/gecko/dom/media/MediaDecoderStateMachine.cpp:3886
[Child 10144, MediaDecoderStateMachine #1] WARNING: 18bfca80 OpenCubeb() failed to init cubeb: file /builds/worker/checkouts/gecko/dom/media/AudioStream.cpp:334
[Child 10144, MediaDecoderStateMachine #1] WARNING: Decoder=1f2084a0 [OnMediaSinkAudioError]: file /builds/worker/checkouts/gecko/dom/media/MediaDecoderStateMachine.cpp:3886
[Child 10144, MediaDecoderStateMachine #1] WARNING: 195f5780 OpenCubeb() failed to init cubeb: file /builds/worker/checkouts/gecko/dom/media/AudioStream.cpp:334
[Child 10144, MediaDecoderStateMachine #1] WARNING: Decoder=1f2084a0 [OnMediaSinkAudioError]: file /builds/worker/checkouts/gecko/dom/media/MediaDecoderStateMachine.cpp:3886
[Child 10144, MediaDecoderStateMachine #1] WARNING: 159b8180 OpenCubeb() failed to init cubeb: file /builds/worker/checkouts/gecko/dom/media/AudioStream.cpp:334
[Child 10144, MediaDecoderStateMachine #1] WARNING: Decoder=1f2084a0 [OnMediaSinkAudioError]: file /builds/worker/checkouts/gecko/dom/media/MediaDecoderStateMachine.cpp:3886
[Child 10144, MediaDecoderStateMachine #1] WARNING: 16e7c300 OpenCubeb() failed to init cubeb: file /builds/worker/checkouts/gecko/dom/media/AudioStream.cpp:334
[Child 10144, MediaDecoderStateMachine #1] WARNING: Decoder=1f2084a0 [OnMediaSinkAudioError]: file /builds/worker/checkouts/gecko/dom/media/MediaDecoderStateMachine.cpp:3886
[Child 10144, MediaDecoderStateMachine #1] WARNING: 19440480 OpenCubeb() failed to init cubeb: file /builds/worker/checkouts/gecko/dom/media/AudioStream.cpp:334
[Child 10144, MediaDecoderStateMachine #1] WARNING: Decoder=1f2084a0 [OnMediaSinkAudioError]: file /builds/worker/checkouts/gecko/dom/media/MediaDecoderStateMachine.cpp:3886
JavaScript error: https://account.magento.com/customer/account/login?_ga=2.90165202.876035675.1610512236-57819687.1610512236, line 407: SyntaxError: redeclaration of const ssoEmailDomains
JavaScript error: https://account.magento.com/static/version20210112162518/frontend/McStore/base/en_US/requirejs/require.js, line 166: Error: Script error for: mage/utils/arrays
http://requirejs.org/docs/errors.html#scripterror
JavaScript error: https://account.magento.com/static/version20210112162518/frontend/McStore/base/en_US/requirejs/require.js, line 166: Error: Script error for: mage/utils/compare
http://requirejs.org/docs/errors.html#scripterror
JavaScript error: https://account.magento.com/static/version20210112162518/frontend/McStore/base/en_US/requirejs/require.js, line 166: Error: Script error for: mage/utils/objects
http://requirejs.org/docs/errors.html#scripterror
JavaScript error: https://account.magento.com/static/version20210112162518/frontend/McStore/base/en_US/requirejs/require.js, line 166: Error: Script error for: mage/utils/strings
http://requirejs.org/docs/errors.html#scripterror
JavaScript error: https://account.magento.com/static/version20210112162518/frontend/McStore/base/en_US/requirejs/require.js, line 166: Error: Script error for: mage/utils/misc
http://requirejs.org/docs/errors.html#scripterror
JavaScript error: https://account.magento.com/static/version20210112162518/frontend/McStore/base/en_US/requirejs/require.js, line 166: Error: Script error for: Magento_Ui/js/lib/view/utils/dom-observer
http://requirejs.org/docs/errors.html#scripterror
JavaScript error: https://account.magento.com/static/version20210112162518/frontend/McStore/base/en_US/requirejs/require.js, line 166: Error: Script error for: Magento_Ui/js/lib/view/utils/bindings
http://requirejs.org/docs/errors.html#scripterror
JavaScript error: https://account.magento.com/static/version20210112162518/frontend/McStore/base/en_US/requirejs/require.js, line 166: Error: Script error for: Magento_Ui/js/lib/logger/entry
http://requirejs.org/docs/errors.html#scripterror
console.error: "Error while calling actor 'pagestyle's method 'getApplied'" "node is null"
console.error: "getApplied@resource://devtools/server/actors/page-style.js:571:5\nhandler@resource://devtools/shared/protocol/Actor.js:172:37\nonPacket@resource://devtools/server/devtools-server-connection.js:379:58\nreceiveMessage@resource://devtools/shared/transport/child-transport.js:68:16\n"
console.error: "Error while calling actor 'pagestyle's method 'getApplied'" "node is null"
console.error: "getApplied@resource://devtools/server/actors/page-style.js:571:5\nhandler@resource://devtools/shared/protocol/Actor.js:172:37\nonPacket@resource://devtools/server/devtools-server-connection.js:379:58\nreceiveMessage@resource://devtools/shared/transport/child-transport.js:68:16\n"
console.error: (new Error("Protocol error (TypeError): node is null from: server0.conn0.child3/pagestyle26 (resource://devtools/server/actors/page-style.js:571:5)", "resource://devtools/shared/protocol/Front.js", 361))
console.error: (new Error("Protocol error (TypeError): node is null from: server0.conn0.child3/pagestyle26 (resource://devtools/server/actors/page-style.js:571:5)", "resource://devtools/shared/protocol/Front.js", 361))
JavaScript error: https://account.magento.com/static/version20210112162518/frontend/McStore/base/en_US/requirejs/require.js, line 166: Error: Script error for: Magento_Ui/js/lib/logger/logger-utils
http://requirejs.org/docs/errors.html#scripterror
JavaScript error: https://account.magento.com/static/version20210112162518/frontend/McStore/base/en_US/requirejs/require.js, line 166: Error: Script error for: Magento_Ui/js/lib/knockout/template/loader
http://requirejs.org/docs/errors.html#scripterror
console.warn: "Failed to add watcher data entry for frame targets in browsing context" 17
console.warn: (new AbortError("Actor 'DevToolsFrame' destroyed before query 'DevToolsFrameParent:addWatcherDataEntry' was resolved", (void 0)))
JavaScript error: https://magento.com/ line 1551 > injectedScript, line 4: TypeError: window.optimizely is undefined
JavaScript error: , line 0: uncaught exception: error
JavaScript error: , line 0: uncaught exception: error
JavaScript error: , line 0: uncaught exception: error
[Child 10144, MediaDecoderStateMachine #1] WARNING: 22d26f80 OpenCubeb() failed to init cubeb: file /builds/worker/checkouts/gecko/dom/media/AudioStream.cpp:334
[Child 10144, MediaDecoderStateMachine #1] WARNING: Decoder=36ae3b50 [OnMediaSinkAudioError]: file /builds/worker/checkouts/gecko/dom/media/MediaDecoderStateMachine.cpp:3886
JavaScript error: https://magento.com/sites/default/files8/js/optimized/js_6PLu4riE-2dcDQ5QPzuCrl_1JQZAazd43aQw_AQJYoY.NROEkYn4usvpqyPEG8aHOOdMITfAvO-0w6gjNNafhMw.js?qleaka, line 8: TypeError: id is undefined
[Child 10144, MediaDecoderStateMachine #1] WARNING: 18216900 OpenCubeb() failed to init cubeb: file /builds/worker/checkouts/gecko/dom/media/AudioStream.cpp:334
[Child 10144, MediaDecoderStateMachine #1] WARNING: Decoder=36ae3b50 [OnMediaSinkAudioError]: file /builds/worker/checkouts/gecko/dom/media/MediaDecoderStateMachine.cpp:3886
[Child 10144, MediaDecoderStateMachine #1] WARNING: 18bfb200 OpenCubeb() failed to init cubeb: file /builds/worker/checkouts/gecko/dom/media/AudioStream.cpp:334
[Child 10144, MediaDecoderStateMachine #1] WARNING: Decoder=36ae3b50 [OnMediaSinkAudioError]: file /builds/worker/checkouts/gecko/dom/media/MediaDecoderStateMachine.cpp:3886
[Child 10144, MediaDecoderStateMachine #1] WARNING: 18b2f700 OpenCubeb() failed to init cubeb: file /builds/worker/checkouts/gecko/dom/media/AudioStream.cpp:334
[Child 10144, MediaDecoderStateMachine #1] WARNING: Decoder=36ae3b50 [OnMediaSinkAudioError]: file /builds/worker/checkouts/gecko/dom/media/MediaDecoderStateMachine.cpp:3886
[Child 10144, MediaDecoderStateMachine #1] WARNING: 1cd47580 OpenCubeb() failed to init cubeb: file /builds/worker/checkouts/gecko/dom/media/AudioStream.cpp:334
[Child 10144, MediaDecoderStateMachine #1] WARNING: Decoder=36ae3b50 [OnMediaSinkAudioError]: file /builds/worker/checkouts/gecko/dom/media/MediaDecoderStateMachine.cpp:3886
[Child 10144, MediaDecoderStateMachine #1] WARNING: 1ac13380 OpenCubeb() failed to init cubeb: file /builds/worker/checkouts/gecko/dom/media/AudioStream.cpp:334
[Child 10144, MediaDecoderStateMachine #1] WARNING: Decoder=36ae3b50 [OnMediaSinkAudioError]: file /builds/worker/checkouts/gecko/dom/media/MediaDecoderStateMachine.cpp:3886
[Child 10144, MediaDecoderStateMachine #1] WARNING: 18219900 OpenCubeb() failed to init cubeb: file /builds/worker/checkouts/gecko/dom/media/AudioStream.cpp:334
[Child 10144, MediaDecoderStateMachine #1] WARNING: Decoder=36ae3b50 [OnMediaSinkAudioError]: file /builds/worker/checkouts/gecko/dom/media/MediaDecoderStateMachine.cpp:3886
JavaScript error: https://magento.com/ line 1551 > injectedScript, line 4: TypeError: window.optimizely is undefined
JavaScript error: https://fast.wistia.com/assets/external/E-v1.js, line 1: uncaught exception: error
JavaScript error: https://magento.com/sites/default/files8/js/optimized/js_6PLu4riE-2dcDQ5QPzuCrl_1JQZAazd43aQw_AQJYoY.NROEkYn4usvpqyPEG8aHOOdMITfAvO-0w6gjNNafhMw.js?qleaka, line 8: TypeError: id is undefined
[Child 10144, MediaDecoderStateMachine #1] WARNING: 4eb71200 OpenCubeb() failed to init cubeb: file /builds/worker/checkouts/gecko/dom/media/AudioStream.cpp:334
[Child 10144, MediaDecoderStateMachine #1] WARNING: Decoder=36daf4a0 [OnMediaSinkAudioError]: file /builds/worker/checkouts/gecko/dom/media/MediaDecoderStateMachine.cpp:3886
[Child 10144, MediaDecoderStateMachine #1] WARNING: 16a71b80 OpenCubeb() failed to init cubeb: file /builds/worker/checkouts/gecko/dom/media/AudioStream.cpp:334
[Child 10144, MediaDecoderStateMachine #1] WARNING: Decoder=36daf4a0 [OnMediaSinkAudioError]: file /builds/worker/checkouts/gecko/dom/media/MediaDecoderStateMachine.cpp:3886
[Child 10144, MediaDecoderStateMachine #1] WARNING: 16a4ed80 OpenCubeb() failed to init cubeb: file /builds/worker/checkouts/gecko/dom/media/AudioStream.cpp:334
[Child 10144, MediaDecoderStateMachine #1] WARNING: Decoder=36daf4a0 [OnMediaSinkAudioError]: file /builds/worker/checkouts/gecko/dom/media/MediaDecoderStateMachine.cpp:3886
[Child 10144, MediaDecoderStateMachine #1] WARNING: 1a2f9100 OpenCubeb() failed to init cubeb: file /builds/worker/checkouts/gecko/dom/media/AudioStream.cpp:334
[Child 10144, MediaDecoderStateMachine #1] WARNING: Decoder=36daf4a0 [OnMediaSinkAudioError]: file /builds/worker/checkouts/gecko/dom/media/MediaDecoderStateMachine.cpp:3886
[Child 10144, MediaDecoderStateMachine #1] WARNING: 1b221180 OpenCubeb() failed to init cubeb: file /builds/worker/checkouts/gecko/dom/media/AudioStream.cpp:334
[Child 10144, MediaDecoderStateMachine #1] WARNING: Decoder=36daf4a0 [OnMediaSinkAudioError]: file /builds/worker/checkouts/gecko/dom/media/MediaDecoderStateMachine.cpp:3886
[Child 10144, MediaDecoderStateMachine #1] WARNING: 1c210d80 OpenCubeb() failed to init cubeb: file /builds/worker/checkouts/gecko/dom/media/AudioStream.cpp:334
[Child 10144, MediaDecoderStateMachine #1] WARNING: Decoder=36daf4a0 [OnMediaSinkAudioError]: file /builds/worker/checkouts/gecko/dom/media/MediaDecoderStateMachine.cpp:3886
[Child 10144, MediaDecoderStateMachine #1] WARNING: 1a2f1d00 OpenCubeb() failed to init cubeb: file /builds/worker/checkouts/gecko/dom/media/AudioStream.cpp:334
[Child 10144, MediaDecoderStateMachine #1] WARNING: Decoder=36daf4a0 [OnMediaSinkAudioError]: file /builds/worker/checkouts/gecko/dom/media/MediaDecoderStateMachine.cpp:3886
[Child 10144, MediaDecoderStateMachine #1] WARNING: 16a48900 OpenCubeb() failed to init cubeb: file /builds/worker/checkouts/gecko/dom/media/AudioStream.cpp:334
[Child 10144, MediaDecoderStateMachine #1] WARNING: Decoder=36daf4a0 [OnMediaSinkAudioError]: file /builds/worker/checkouts/gecko/dom/media/MediaDecoderStateMachine.cpp:3886
[Child 10144, MediaDecoderStateMachine #1] WARNING: 1c011000 OpenCubeb() failed to init cubeb: file /builds/worker/checkouts/gecko/dom/media/AudioStream.cpp:334
[Child 10144, MediaDecoderStateMachine #1] WARNING: Decoder=36daf4a0 [OnMediaSinkAudioError]: file /builds/worker/checkouts/gecko/dom/media/MediaDecoderStateMachine.cpp:3886
[Child 10144, MediaDecoderStateMachine #1] WARNING: 1c2ed980 OpenCubeb() failed to init cubeb: file /builds/worker/checkouts/gecko/dom/media/AudioStream.cpp:334
[Child 10144, MediaDecoderStateMachine #1] WARNING: Decoder=36daf4a0 [OnMediaSinkAudioError]: file /builds/worker/checkouts/gecko/dom/media/MediaDecoderStateMachine.cpp:3886
[Child 10144, MediaDecoderStateMachine #1] WARNING: 1cd32500 OpenCubeb() failed to init cubeb: file /builds/worker/checkouts/gecko/dom/media/AudioStream.cpp:334
[Child 10144, MediaDecoderStateMachine #1] WARNING: Decoder=36daf4a0 [OnMediaSinkAudioError]: file /builds/worker/checkouts/gecko/dom/media/MediaDecoderStateMachine.cpp:3886
[Child 10144, MediaDecoderStateMachine #1] WARNING: 1fcb7580 OpenCubeb() failed to init cubeb: file /builds/worker/checkouts/gecko/dom/media/AudioStream.cpp:334
[Child 10144, MediaDecoderStateMachine #1] WARNING: Decoder=36daf4a0 [OnMediaSinkAudioError]: file /builds/worker/checkouts/gecko/dom/media/MediaDecoderStateMachine.cpp:3886
[Child 10144, MediaDecoderStateMachine #1] WARNING: 20873a00 OpenCubeb() failed to init cubeb: file /builds/worker/checkouts/gecko/dom/media/AudioStream.cpp:334
[Child 10144, MediaDecoderStateMachine #1] WARNING: Decoder=36daf4a0 [OnMediaSinkAudioError]: file /builds/worker/checkouts/gecko/dom/media/MediaDecoderStateMachine.cpp:3886
[Child 10144, MediaDecoderStateMachine #1] WARNING: 15901500 OpenCubeb() failed to init cubeb: file /builds/worker/checkouts/gecko/dom/media/AudioStream.cpp:334
[Child 10144, MediaDecoderStateMachine #1] WARNING: Decoder=36daf4a0 [OnMediaSinkAudioError]: file /builds/worker/checkouts/gecko/dom/media/MediaDecoderStateMachine.cpp:3886
[Child 10144, MediaDecoderStateMachine #1] WARNING: 1a237200 OpenCubeb() failed to init cubeb: file /builds/worker/checkouts/gecko/dom/media/AudioStream.cpp:334
[Child 10144, MediaDecoderStateMachine #1] WARNING: Decoder=36daf4a0 [OnMediaSinkAudioError]: file /builds/worker/checkouts/gecko/dom/media/MediaDecoderStateMachine.cpp:3886
[Child 10144, MediaDecoderStateMachine #1] WARNING: 194bb980 OpenCubeb() failed to init cubeb: file /builds/worker/checkouts/gecko/dom/media/AudioStream.cpp:334
[Child 10144, MediaDecoderStateMachine #1] WARNING: Decoder=36daf4a0 [OnMediaSinkAudioError]: file /builds/worker/checkouts/gecko/dom/media/MediaDecoderStateMachine.cpp:3886
[Child 10144, MediaDecoderStateMachine #1] WARNING: 1ec50e80 OpenCubeb() failed to init cubeb: file /builds/worker/checkouts/gecko/dom/media/AudioStream.cpp:334
[Child 10144, MediaDecoderStateMachine #1] WARNING: Decoder=36daf4a0 [OnMediaSinkAudioError]: file /builds/worker/checkouts/gecko/dom/media/MediaDecoderStateMachine.cpp:3886
[Child 10144, MediaDecoderStateMachine #1] WARNING: 1ee05a80 OpenCubeb() failed to init cubeb: file /builds/worker/checkouts/gecko/dom/media/AudioStream.cpp:334
[Child 10144, MediaDecoderStateMachine #1] WARNING: Decoder=36daf4a0 [OnMediaSinkAudioError]: file /builds/worker/checkouts/gecko/dom/media/MediaDecoderStateMachine.cpp:3886
[Child 10144, MediaDecoderStateMachine #1] WARNING: 1ee05780 OpenCubeb() failed to init cubeb: file /builds/worker/checkouts/gecko/dom/media/AudioStream.cpp:334
[Child 10144, MediaDecoderStateMachine #1] WARNING: Decoder=36daf4a0 [OnMediaSinkAudioError]: file /builds/worker/checkouts/gecko/dom/media/MediaDecoderStateMachine.cpp:3886
[Child 10144, MediaDecoderStateMachine #1] WARNING: 19580e80 OpenCubeb() failed to init cubeb: file /builds/worker/checkouts/gecko/dom/media/AudioStream.cpp:334
[Child 10144, MediaDecoderStateMachine #1] WARNING: Decoder=36daf4a0 [OnMediaSinkAudioError]: file /builds/worker/checkouts/gecko/dom/media/MediaDecoderStateMachine.cpp:3886
[Child 10144, MediaDecoderStateMachine #1] WARNING: 195f5500 OpenCubeb() failed to init cubeb: file /builds/worker/checkouts/gecko/dom/media/AudioStream.cpp:334
[Child 10144, MediaDecoderStateMachine #1] WARNING: Decoder=36daf4a0 [OnMediaSinkAudioError]: file /builds/worker/checkouts/gecko/dom/media/MediaDecoderStateMachine.cpp:3886
[Child 10144, MediaDecoderStateMachine #1] WARNING: 19951e00 OpenCubeb() failed to init cubeb: file /builds/worker/checkouts/gecko/dom/media/AudioStream.cpp:334
[Child 10144, MediaDecoderStateMachine #1] WARNING: Decoder=36daf4a0 [OnMediaSinkAudioError]: file /builds/worker/checkouts/gecko/dom/media/MediaDecoderStateMachine.cpp:3886
[Child 10144, MediaDecoderStateMachine #1] WARNING: 1940d000 OpenCubeb() failed to init cubeb: file /builds/worker/checkouts/gecko/dom/media/AudioStream.cpp:334
[Child 10144, MediaDecoderStateMachine #1] WARNING: Decoder=36daf4a0 [OnMediaSinkAudioError]: file /builds/worker/checkouts/gecko/dom/media/MediaDecoderStateMachine.cpp:3886
[Child 10144, MediaDecoderStateMachine #1] WARNING: 1ee06b80 OpenCubeb() failed to init cubeb: file /builds/worker/checkouts/gecko/dom/media/AudioStream.cpp:334
[Child 10144, MediaDecoderStateMachine #1] WARNING: Decoder=36daf4a0 [OnMediaSinkAudioError]: file /builds/worker/checkouts/gecko/dom/media/MediaDecoderStateMachine.cpp:3886
[Child 10144, MediaDecoderStateMachine #1] WARNING: 1f61f700 OpenCubeb() failed to init cubeb: file /builds/worker/checkouts/gecko/dom/media/AudioStream.cpp:334
[Child 10144, MediaDecoderStateMachine #1] WARNING: Decoder=36daf4a0 [OnMediaSinkAudioError]: file /builds/worker/checkouts/gecko/dom/media/MediaDecoderStateMachine.cpp:3886
[Child 10144, MediaDecoderStateMachine #1] WARNING: 1f688900 OpenCubeb() failed to init cubeb: file /builds/worker/checkouts/gecko/dom/media/AudioStream.cpp:334
[Child 10144, MediaDecoderStateMachine #1] WARNING: Decoder=36daf4a0 [OnMediaSinkAudioError]: file /builds/worker/checkouts/gecko/dom/media/MediaDecoderStateMachine.cpp:3886
[Child 10144, MediaDecoderStateMachine #1] WARNING: 16ab5600 OpenCubeb() failed to init cubeb: file /builds/worker/checkouts/gecko/dom/media/AudioStream.cpp:334
[Child 10144, MediaDecoderStateMachine #1] WARNING: Decoder=36daf4a0 [OnMediaSinkAudioError]: file /builds/worker/checkouts/gecko/dom/media/MediaDecoderStateMachine.cpp:3886
[Child 10144, MediaDecoderStateMachine #1] WARNING: 18221b00 OpenCubeb() failed to init cubeb: file /builds/worker/checkouts/gecko/dom/media/AudioStream.cpp:334
[Child 10144, MediaDecoderStateMachine #1] WARNING: Decoder=36daf4a0 [OnMediaSinkAudioError]: file /builds/worker/checkouts/gecko/dom/media/MediaDecoderStateMachine.cpp:3886
[Child 10144, MediaDecoderStateMachine #1] WARNING: 19951b00 OpenCubeb() failed to init cubeb: file /builds/worker/checkouts/gecko/dom/media/AudioStream.cpp:334
[Child 10144, MediaDecoderStateMachine #1] WARNING: Decoder=36daf4a0 [OnMediaSinkAudioError]: file /builds/worker/checkouts/gecko/dom/media/MediaDecoderStateMachine.cpp:3886
[Child 10144, MediaDecoderStateMachine #1] WARNING: 1b240c00 OpenCubeb() failed to init cubeb: file /builds/worker/checkouts/gecko/dom/media/AudioStream.cpp:334
[Child 10144, MediaDecoderStateMachine #1] WARNING: Decoder=36daf4a0 [OnMediaSinkAudioError]: file /builds/worker/checkouts/gecko/dom/media/MediaDecoderStateMachine.cpp:3886
[Child 10144, MediaDecoderStateMachine #1] WARNING: 1dd84e80 OpenCubeb() failed to init cubeb: file /builds/worker/checkouts/gecko/dom/media/AudioStream.cpp:334
[Child 10144, MediaDecoderStateMachine #1] WARNING: Decoder=36daf4a0 [OnMediaSinkAudioError]: file /builds/worker/checkouts/gecko/dom/media/MediaDecoderStateMachine.cpp:3886
[Child 10144, MediaDecoderStateMachine #1] WARNING: 1ec4a480 OpenCubeb() failed to init cubeb: file /builds/worker/checkouts/gecko/dom/media/AudioStream.cpp:334
[Child 10144, MediaDecoderStateMachine #1] WARNING: Decoder=36daf4a0 [OnMediaSinkAudioError]: file /builds/worker/checkouts/gecko/dom/media/MediaDecoderStateMachine.cpp:3886
[Child 10144, MediaDecoderStateMachine #1] WARNING: 1f610300 OpenCubeb() failed to init cubeb: file /builds/worker/checkouts/gecko/dom/media/AudioStream.cpp:334
[Child 10144, MediaDecoderStateMachine #1] WARNING: Decoder=36daf4a0 [OnMediaSinkAudioError]: file /builds/worker/checkouts/gecko/dom/media/MediaDecoderStateMachine.cpp:3886
[Child 10144, MediaDecoderStateMachine #1] WARNING: 1711c900 OpenCubeb() failed to init cubeb: file /builds/worker/checkouts/gecko/dom/media/AudioStream.cpp:334
[Child 10144, MediaDecoderStateMachine #1] WARNING: Decoder=36daf4a0 [OnMediaSinkAudioError]: file /builds/worker/checkouts/gecko/dom/media/MediaDecoderStateMachine.cpp:3886
[Child 10144, MediaDecoderStateMachine #1] WARNING: 19471d00 OpenCubeb() failed to init cubeb: file /builds/worker/checkouts/gecko/dom/media/AudioStream.cpp:334
[Child 10144, MediaDecoderStateMachine #1] WARNING: Decoder=36daf4a0 [OnMediaSinkAudioError]: file /builds/worker/checkouts/gecko/dom/media/MediaDecoderStateMachine.cpp:3886
[Child 10144, MediaDecoderStateMachine #1] WARNING: 1a275c00 OpenCubeb() failed to init cubeb: file /builds/worker/checkouts/gecko/dom/media/AudioStream.cpp:334
[Child 10144, MediaDecoderStateMachine #1] WARNING: Decoder=36daf4a0 [OnMediaSinkAudioError]: file /builds/worker/checkouts/gecko/dom/media/MediaDecoderStateMachine.cpp:3886
[Child 10144, MediaDecoderStateMachine #1] WARNING: 1b221400 OpenCubeb() failed to init cubeb: file /builds/worker/checkouts/gecko/dom/media/AudioStream.cpp:334
[Child 10144, MediaDecoderStateMachine #1] WARNING: Decoder=36daf4a0 [OnMediaSinkAudioError]: file /builds/worker/checkouts/gecko/dom/media/MediaDecoderStateMachine.cpp:3886
[Child 10144, MediaDecoderStateMachine #1] WARNING: 16ee8a00 OpenCubeb() failed to init cubeb: file /builds/worker/checkouts/gecko/dom/media/AudioStream.cpp:334
[Child 10144, MediaDecoderStateMachine #1] WARNING: Decoder=36daf4a0 [OnMediaSinkAudioError]: file /builds/worker/checkouts/gecko/dom/media/MediaDecoderStateMachine.cpp:3886
[Child 10144, MediaDecoderStateMachine #1] WARNING: 18b2f300 OpenCubeb() failed to init cubeb: file /builds/worker/checkouts/gecko/dom/media/AudioStream.cpp:334
[Child 10144, MediaDecoderStateMachine #1] WARNING: Decoder=36daf4a0 [OnMediaSinkAudioError]: file /builds/worker/checkouts/gecko/dom/media/MediaDecoderStateMachine.cpp:3886
[Child 10144, MediaDecoderStateMachine #1] WARNING: 16a71b80 OpenCubeb() failed to init cubeb: file /builds/worker/checkouts/gecko/dom/media/AudioStream.cpp:334
[Child 10144, MediaDecoderStateMachine #1] WARNING: Decoder=36daf4a0 [OnMediaSinkAudioError]: file /builds/worker/checkouts/gecko/dom/media/MediaDecoderStateMachine.cpp:3886
[Child 10144, MediaDecoderStateMachine #1] WARNING: 18b23780 OpenCubeb() failed to init cubeb: file /builds/worker/checkouts/gecko/dom/media/AudioStream.cpp:334
[Child 10144, MediaDecoderStateMachine #1] WARNING: Decoder=36daf4a0 [OnMediaSinkAudioError]: file /builds/worker/checkouts/gecko/dom/media/MediaDecoderStateMachine.cpp:3886
[Child 10144, MediaDecoderStateMachine #1] WARNING: 1a216c00 OpenCubeb() failed to init cubeb: file /builds/worker/checkouts/gecko/dom/media/AudioStream.cpp:334
[Child 10144, MediaDecoderStateMachine #1] WARNING: Decoder=36daf4a0 [OnMediaSinkAudioError]: file /builds/worker/checkouts/gecko/dom/media/MediaDecoderStateMachine.cpp:3886
[Child 10144, MediaDecoderStateMachine #1] WARNING: 1a216600 OpenCubeb() failed to init cubeb: file /builds/worker/checkouts/gecko/dom/media/AudioStream.cpp:334
[Child 10144, MediaDecoderStateMachine #1] WARNING: Decoder=36daf4a0 [OnMediaSinkAudioError]: file /builds/worker/checkouts/gecko/dom/media/MediaDecoderStateMachine.cpp:3886
1610513142146	Marionette	INFO	Stopped listening on port 50528

###!!! [Child][RunMessage] Error: Channel closing: too late to send/recv, messages will be lost

