1610530824658	geckodriver	INFO	Listening on 127.0.0.1:61585
1610530827681	mozrunner::runner	INFO	Running command: "C:\\Program Files (x86)\\Mozilla Firefox\\firefox.exe" "--marionette" "-foreground" "-no-remote" "-profile" "C:\\Users\\CTEA\\AppData\\Local\\Temp\\rust_mozprofileES6Yna"
console.warn: SearchSettings: "get: No settings file exists, new profile?" (new Error("", "(unknown module)"))
1610530831620	Marionette	INFO	Listening on port 61593
1610530831883	Marionette	WARN	TLS certificate errors will be ignored for this session
1610530831911	Marionette	ERROR	[17] No reply from Marionette:Register
console.warn: SearchSettings: "get: No settings file exists, new profile?" (new Error("", "(unknown module)"))
1610530837492	Marionette	ERROR	[36] No reply from Marionette:Register
Handler function _httpStopRequest threw an exception: [Exception... "Component returned failure code: 0x80004005 (NS_ERROR_FAILURE) [nsITraceableChannel.setNewListener]"  nsresult: "0x80004005 (NS_ERROR_FAILURE)"  location: "JS frame :: resource://devtools/server/actors/network-monitor/network-observer.js :: _setupResponseListener :: line 1086"  data: no]
Stack: _setupResponseListener@resource://devtools/server/actors/network-monitor/network-observer.js:1086:38
_createNetworkEvent@resource://devtools/server/actors/network-monitor/network-observer.js:912:12
_httpStopRequest@resource://devtools/server/actors/network-monitor/network-observer.js:409:14
exports.makeInfallible/<@resource://devtools/shared/ThreadSafeDevToolsUtils.js:103:22
Line: 1086, column: 0
console.error: ({})
Handler function _httpStopRequest threw an exception: [Exception... "Component returned failure code: 0x80004005 (NS_ERROR_FAILURE) [nsITraceableChannel.setNewListener]"  nsresult: "0x80004005 (NS_ERROR_FAILURE)"  location: "JS frame :: resource://devtools/server/actors/network-monitor/network-observer.js :: _setupResponseListener :: line 1086"  data: no]
Stack: _setupResponseListener@resource://devtools/server/actors/network-monitor/network-observer.js:1086:38
_createNetworkEvent@resource://devtools/server/actors/network-monitor/network-observer.js:912:12
_httpStopRequest@resource://devtools/server/actors/network-monitor/network-observer.js:409:14
exports.makeInfallible/<@resource://devtools/shared/ThreadSafeDevToolsUtils.js:103:22
Line: 1086, column: 0
console.error: ({})
1610530845461	Marionette	WARN	TimedPromise timed out after 500 ms: stacktrace:
TimedPromise/<@chrome://marionette/content/sync.js:235:19
TimedPromise@chrome://marionette/content/sync.js:220:10
interaction.flushEventLoop@chrome://marionette/content/interaction.js:418:10
webdriverClickElement@chrome://marionette/content/interaction.js:179:31
JavaScript error: https://magento.com/ line 1551 > injectedScript, line 4: TypeError: window.optimizely is undefined
JavaScript error: https://account.magento.com/customer/account/login?_ga=2.121843787.1993573079.1610530834-2050713714.1610530834, line 407: SyntaxError: redeclaration of const ssoEmailDomains
console.error: "Error while calling actor 'pagestyle's method 'getApplied'" "sheet.ownerNode is null"
console.error: "getSheetText@resource://devtools/server/actors/style-sheet.js:76:21\n_getText@resource://devtools/server/actors/style-sheet.js:418:12\ngetText@resource://devtools/server/actors/style-sheet.js:401:17\ngetAuthoredCssText@resource://devtools/server/actors/style-rule.js:598:28\ngetApplied@resource://devtools/server/actors/page-style.js:586:18\n"
console.error: (new Error("Protocol error (TypeError): sheet.ownerNode is null from: server0.conn0.child3/pagestyle30 (resource://devtools/server/actors/style-sheet.js:76:21)", "resource://devtools/shared/protocol/Front.js", 361))
console.error: (new Error("Protocol error (TypeError): sheet.ownerNode is null from: server0.conn0.child3/pagestyle30 (resource://devtools/server/actors/style-sheet.js:76:21)", "resource://devtools/shared/protocol/Front.js", 361))
console.error: (new Error("Protocol error (TypeError): sheet.ownerNode is null from: server0.conn0.child3/pagestyle30 (resource://devtools/server/actors/style-sheet.js:76:21)", "resource://devtools/shared/protocol/Front.js", 361))
console.error: "Error while calling actor 'pagestyle's method 'getApplied'" "sheet.ownerNode is null"
console.error: "getSheetText@resource://devtools/server/actors/style-sheet.js:76:21\n_getText@resource://devtools/server/actors/style-sheet.js:418:12\ngetText@resource://devtools/server/actors/style-sheet.js:401:17\ngetAuthoredCssText@resource://devtools/server/actors/style-rule.js:598:28\ngetApplied@resource://devtools/server/actors/page-style.js:586:18\n"
console.error: (new Error("Protocol error (TypeError): sheet.ownerNode is null from: server0.conn0.child3/pagestyle30 (resource://devtools/server/actors/style-sheet.js:76:21)", "resource://devtools/shared/protocol/Front.js", 361))
IPDL protocol error: Handler returned error code!

###!!! [Parent][DispatchAsyncMessage] Error: PLayerTransaction::Msg_ReleaseLayer Processing error: message was deserialized, but the handler returned false (indicating failure)

IPDL protocol error: Handler returned error code!

###!!! [Parent][DispatchAsyncMessage] Error: PLayerTransaction::Msg_ReleaseLayer Processing error: message was deserialized, but the handler returned false (indicating failure)

IPDL protocol error: Handler returned error code!

###!!! [Parent][DispatchAsyncMessage] Error: PLayerTransaction::Msg_ReleaseLayer Processing error: message was deserialized, but the handler returned false (indicating failure)

IPDL protocol error: Handler returned error code!

###!!! [Parent][DispatchAsyncMessage] Error: PLayerTransaction::Msg_ReleaseLayer Processing error: message was deserialized, but the handler returned false (indicating failure)

IPDL protocol error: Handler returned error code!

###!!! [Parent][DispatchAsyncMessage] Error: PLayerTransaction::Msg_ReleaseLayer Processing error: message was deserialized, but the handler returned false (indicating failure)

IPDL protocol error: Handler returned error code!

###!!! [Parent][DispatchAsyncMessage] Error: PLayerTransaction::Msg_ReleaseLayer Processing error: message was deserialized, but the handler returned false (indicating failure)

IPDL protocol error: Handler returned error code!

###!!! [Parent][DispatchAsyncMessage] Error: PLayerTransaction::Msg_ReleaseLayer Processing error: message was deserialized, but the handler returned false (indicating failure)

IPDL protocol error: Handler returned error code!

###!!! [Parent][DispatchAsyncMessage] Error: PLayerTransaction::Msg_ReleaseLayer Processing error: message was deserialized, but the handler returned false (indicating failure)

IPDL protocol error: Handler returned error code!

###!!! [Parent][DispatchAsyncMessage] Error: PLayerTransaction::Msg_ReleaseLayer Processing error: message was deserialized, but the handler returned false (indicating failure)

IPDL protocol error: Handler returned error code!

###!!! [Parent][DispatchAsyncMessage] Error: PLayerTransaction::Msg_ReleaseLayer Processing error: message was deserialized, but the handler returned false (indicating failure)

1610530897796	Marionette	INFO	Stopped listening on port 61593

###!!! [Child][RunMessage] Error: Channel closing: too late to send/recv, messages will be lost

