1610511070986	geckodriver	INFO	Listening on 127.0.0.1:49857
1610511073990	mozrunner::runner	INFO	Running command: "C:\\Program Files (x86)\\Mozilla Firefox\\firefox.exe" "--marionette" "-foreground" "-no-remote" "-profile" "C:\\Users\\CTEA\\AppData\\Local\\Temp\\rust_mozprofile8DEsvY"
console.warn: SearchSettings: "get: No settings file exists, new profile?" (new Error("", "(unknown module)"))
1610511080299	Marionette	INFO	Listening on port 49865
1610511080348	Marionette	WARN	TLS certificate errors will be ignored for this session
1610511080399	Marionette	ERROR	[17] No reply from Marionette:Register
JavaScript error: https://magento.com/ line 1551 > injectedScript, line 4: TypeError: window.optimizely is undefined
JavaScript error: https://magento.com/sites/default/files8/js/optimized/js_6PLu4riE-2dcDQ5QPzuCrl_1JQZAazd43aQw_AQJYoY.NROEkYn4usvpqyPEG8aHOOdMITfAvO-0w6gjNNafhMw.js?qleaka, line 8: TypeError: id is undefined
console.warn: SearchSettings: "get: No settings file exists, new profile?" (new Error("", "(unknown module)"))
JavaScript error: resource://activity-stream/lib/ASRouter.jsm, line 987: NS_ERROR_ILLEGAL_VALUE: Component returned failure code: 0x80070057 (NS_ERROR_ILLEGAL_VALUE) [nsIObserverService.removeObserver]
JavaScript error: https://fast.wistia.com/assets/external/E-v1.js, line 1: NS_ERROR_NOT_INITIALIZED: 
JavaScript error: https://fast.wistia.com/assets/external/E-v1.js, line 1: NS_ERROR_NOT_INITIALIZED: 
JavaScript error: https://fast.wistia.com/assets/external/E-v1.js, line 1: NS_ERROR_NOT_INITIALIZED: 
JavaScript error: https://fast.wistia.com/assets/external/E-v1.js, line 1: NS_ERROR_NOT_INITIALIZED: 
JavaScript error: https://fast.wistia.com/assets/external/E-v1.js, line 1: NS_ERROR_NOT_INITIALIZED: 
JavaScript error: https://fast.wistia.com/assets/external/E-v1.js, line 1: NS_ERROR_NOT_INITIALIZED: 
JavaScript error: https://fast.wistia.com/assets/external/E-v1.js, line 1: NS_ERROR_NOT_INITIALIZED: 
JavaScript error: https://fast.wistia.com/assets/external/E-v1.js, line 1: NS_ERROR_NOT_INITIALIZED: 
JavaScript error: https://fast.wistia.com/assets/external/E-v1.js, line 1: NS_ERROR_NOT_INITIALIZED: 
JavaScript error: https://fast.wistia.com/assets/external/E-v1.js, line 1: NS_ERROR_NOT_INITIALIZED: 
JavaScript error: https://fast.wistia.com/assets/external/E-v1.js, line 1: NS_ERROR_NOT_INITIALIZED: 
1610511093840	Marionette	INFO	Stopped listening on port 49865

###!!! [Child][RunMessage] Error: Channel closing: too late to send/recv, messages will be lost

