1610517745721	geckodriver	INFO	Listening on 127.0.0.1:53403
1610517748730	mozrunner::runner	INFO	Running command: "C:\\Program Files (x86)\\Mozilla Firefox\\firefox.exe" "--marionette" "-foreground" "-no-remote" "-profile" "C:\\Users\\CTEA\\AppData\\Local\\Temp\\rust_mozprofileckHYhx"
console.warn: SearchSettings: "get: No settings file exists, new profile?" (new Error("", "(unknown module)"))
1610517754538	Marionette	INFO	Listening on port 53411
console.warn: SearchSettings: "get: No settings file exists, new profile?" (new Error("", "(unknown module)"))
1610517754984	Marionette	WARN	TLS certificate errors will be ignored for this session
1610517755073	Marionette	ERROR	[24] No reply from Marionette:Register
1610517755127	Marionette	ERROR	[17] No reply from Marionette:Register
1610517756523	Marionette	ERROR	[24] No reply from Marionette:Register
JavaScript error: https://magento.com/ line 1551 > injectedScript, line 4: TypeError: window.optimizely is undefined
1610517767447	Marionette	WARN	TimedPromise timed out after 500 ms: stacktrace:
TimedPromise/<@chrome://marionette/content/sync.js:235:19
TimedPromise@chrome://marionette/content/sync.js:220:10
interaction.flushEventLoop@chrome://marionette/content/interaction.js:418:10
webdriverClickElement@chrome://marionette/content/interaction.js:179:31
JavaScript warning: https://js.driftt.com/core/assets/js/38.feef3c6b.chunk.js, line 1: Script terminated by timeout at:
sentryWrapped@https://js.driftt.com/core/assets/js/38.feef3c6b.chunk.js:1:26315

1610517770310	Marionette	WARN	Ignoring event 'DOMContentLoaded' because document has an invalid readyState of 'complete'.
JavaScript error: https://fast.wistia.com/assets/external/E-v1.js, line 1: NS_ERROR_NOT_INITIALIZED: 
JavaScript error: https://account.magento.com/customer/account/login?_ga=2.72361046.490084747.1610517758-1560876177.1610517758, line 407: SyntaxError: redeclaration of const ssoEmailDomains
JavaScript error: https://account.magento.com/static/version20210112162518/frontend/McStore/base/en_US/requirejs/require.js, line 166: Error: Script error for: FormData
http://requirejs.org/docs/errors.html#scripterror
JavaScript error: https://account.magento.com/static/version20210112162518/frontend/McStore/base/en_US/requirejs/require.js, line 166: Error: Script error for: MutationObserver
http://requirejs.org/docs/errors.html#scripterror
console.warn: LoginRecipes: "getRecipes: falling back to a synchronous message for:" "https://demo.openemr.io"

###!!! [Parent][RunMessage] Error: Channel closing: too late to send/recv, messages will be lost

1610520281452	Marionette	INFO	Stopped listening on port 53411

###!!! [Child][RunMessage] Error: Channel closing: too late to send/recv, messages will be lost

