1610514011460	geckodriver	INFO	Listening on 127.0.0.1:51630
1610514014474	mozrunner::runner	INFO	Running command: "C:\\Program Files (x86)\\Mozilla Firefox\\firefox.exe" "--marionette" "-foreground" "-no-remote" "-profile" "C:\\Users\\CTEA\\AppData\\Local\\Temp\\rust_mozprofilecInUfR"
console.warn: SearchSettings: "get: No settings file exists, new profile?" (new Error("", "(unknown module)"))

###!!! [Child][RunMessage] Error: Channel closing: too late to send/recv, messages will be lost

1610514019031	Marionette	INFO	Listening on port 51638
console.warn: SearchSettings: "get: No settings file exists, new profile?" (new Error("", "(unknown module)"))
1610514019218	Marionette	WARN	TLS certificate errors will be ignored for this session
1610514019234	Marionette	ERROR	[17] No reply from Marionette:Register
1610514027940	Marionette	WARN	TimedPromise timed out after 500 ms: stacktrace:
TimedPromise/<@chrome://marionette/content/sync.js:235:19
TimedPromise@chrome://marionette/content/sync.js:220:10
interaction.flushEventLoop@chrome://marionette/content/interaction.js:418:10
webdriverClickElement@chrome://marionette/content/interaction.js:179:31
JavaScript error: https://magento.com/ line 1551 > injectedScript, line 4: TypeError: window.optimizely is undefined
JavaScript error: https://account.magento.com/customer/account/login?_ga=2.146668023.2138910288.1610514022-473240426.1610514022, line 407: SyntaxError: redeclaration of const ssoEmailDomains
JavaScript error: https://fast.wistia.com/assets/external/E-v1.js, line 1: NS_ERROR_NOT_INITIALIZED: 
JavaScript error: https://account.magento.com/static/version20210112162518/frontend/McStore/base/en_US/jquery/jquery.validate.js, line 556: TypeError: $.validator.methods[method] is undefined
JavaScript error: https://account.magento.com/static/version20210112162518/frontend/McStore/base/en_US/jquery/jquery.validate.js, line 556: TypeError: $.validator.methods[method] is undefined
JavaScript error: https://account.magento.com/static/version20210112162518/frontend/McStore/base/en_US/jquery/jquery.validate.js, line 556: TypeError: $.validator.methods[method] is undefined
JavaScript error: https://account.magento.com/static/version20210112162518/frontend/McStore/base/en_US/jquery/jquery.validate.js, line 556: TypeError: $.validator.methods[method] is undefined
1610514086456	Marionette	INFO	Stopped listening on port 51638

###!!! [Child][RunMessage] Error: Channel closing: too late to send/recv, messages will be lost

