1610513883602	geckodriver	INFO	Listening on 127.0.0.1:51440
1610513886621	mozrunner::runner	INFO	Running command: "C:\\Program Files (x86)\\Mozilla Firefox\\firefox.exe" "--marionette" "-foreground" "-no-remote" "-profile" "C:\\Users\\CTEA\\AppData\\Local\\Temp\\rust_mozprofilef2TLu2"
console.warn: SearchSettings: "get: No settings file exists, new profile?" (new Error("", "(unknown module)"))
1610513891137	Marionette	INFO	Listening on port 51448
1610513891402	Marionette	WARN	TLS certificate errors will be ignored for this session
1610513891427	Marionette	ERROR	[21] No reply from Marionette:Register
console.warn: SearchSettings: "get: No settings file exists, new profile?" (new Error("", "(unknown module)"))
JavaScript error: https://magento.com/ line 1552 > injectedScript, line 4: TypeError: window.optimizely is undefined
JavaScript error: https://fast.wistia.com/assets/external/E-v1.js, line 1: uncaught exception: error
JavaScript error: https://fast.wistia.com/assets/external/E-v1.js, line 1: uncaught exception: error
JavaScript error: , line 0: uncaught exception: error
JavaScript error: https://fast.wistia.com/assets/external/E-v1.js, line 1: Error: POST https://pipedream.wistia.com/mput?topic=metrics - Got an unsuccessful status code: 0. 
JavaScript error: , line 0: uncaught exception: error
JavaScript error: , line 0: uncaught exception: error
JavaScript error: https://fast.wistia.com/assets/external/E-v1.js, line 1: Error: POST https://pipedream.wistia.com/mput?topic=metrics - Got an unsuccessful status code: 0. 
JavaScript error: , line 0: uncaught exception: error
JavaScript error: https://fast.wistia.com/assets/external/E-v1.js, line 1: Error: POST https://pipedream.wistia.com/mput?topic=metrics - Got an unsuccessful status code: 0. 
JavaScript error: , line 0: uncaught exception: error
JavaScript error: https://fast.wistia.com/assets/external/E-v1.js, line 1: Error: POST https://pipedream.wistia.com/mput?topic=metrics - Got an unsuccessful status code: 0. 
JavaScript error: , line 0: uncaught exception: error
JavaScript error: https://fast.wistia.com/assets/external/E-v1.js, line 1: Error: POST https://pipedream.wistia.com/mput?topic=metrics - Got an unsuccessful status code: 0. 
JavaScript error: https://fast.wistia.com/assets/external/E-v1.js, line 1: Error: POST https://pipedream.wistia.com/mput?topic=metrics - Got an unsuccessful status code: 0. 
JavaScript error: , line 0: uncaught exception: error
JavaScript error: https://fast.wistia.com/assets/external/E-v1.js, line 1: uncaught exception: error
JavaScript error: https://fast.wistia.com/assets/external/E-v1.js, line 1: uncaught exception: error
JavaScript error: https://fast.wistia.com/assets/external/E-v1.js, line 1: uncaught exception: error
JavaScript error: https://fast.wistia.com/assets/external/E-v1.js, line 1: uncaught exception: error
JavaScript error: https://fast.wistia.com/assets/external/E-v1.js, line 1: uncaught exception: error
JavaScript error: , line 0: AbortError: The fetching process for the media resource was aborted by the user agent at the user's request.
JavaScript error: , line 0: AbortError: The fetching process for the media resource was aborted by the user agent at the user's request.
JavaScript error: https://magento.com/sites/default/files8/js/optimized/js_6PLu4riE-2dcDQ5QPzuCrl_1JQZAazd43aQw_AQJYoY.NROEkYn4usvpqyPEG8aHOOdMITfAvO-0w6gjNNafhMw.js?qleaka, line 8: TypeError: id is undefined
1610513907474	Marionette	WARN	TimedPromise timed out after 500 ms: stacktrace:
TimedPromise/<@chrome://marionette/content/sync.js:235:19
TimedPromise@chrome://marionette/content/sync.js:220:10
interaction.flushEventLoop@chrome://marionette/content/interaction.js:418:10
webdriverClickElement@chrome://marionette/content/interaction.js:179:31
JavaScript error: https://account.magento.com/customer/account/login?_ga=2.22112313.328124394.1610513894-1544258557.1610513894, line 407: SyntaxError: redeclaration of const ssoEmailDomains
JavaScript error: resource://activity-stream/lib/ASRouter.jsm, line 987: NS_ERROR_ILLEGAL_VALUE: Component returned failure code: 0x80070057 (NS_ERROR_ILLEGAL_VALUE) [nsIObserverService.removeObserver]

###!!! [Child][RunMessage] Error: Channel closing: too late to send/recv, messages will be lost


###!!! [Child][RunMessage] Error: Channel closing: too late to send/recv, messages will be lost

1610513927863	Marionette	INFO	Stopped listening on port 51448

###!!! [Child][RunMessage] Error: Channel closing: too late to send/recv, messages will be lost

